07:52:18.824 [main] INFO  testCases.TC002_LoginTest - ****Validating My Account message****
07:52:20.125 [main] INFO  testCases.TC002_LoginTest - ****Completed TC002 Login Test Case****
07:55:10.644 [main] INFO  org.testng.internal.Utils - [TestNG] Running:
  D:\Yasar\YASAR\Projects\eclipse-workspace\OpencartV121\master.xml

07:55:17.954 [main] INFO  testCases.TC002_LoginTest - ****Starting TC0002 login Test Case****
07:55:18.000 [main] INFO  testCases.TC002_LoginTest - ****Clicking Login Btn****
07:55:18.630 [main] INFO  testCases.TC002_LoginTest - ****Entering Valid Login Details****
07:55:21.016 [main] INFO  testCases.TC002_LoginTest - ****Validating My Account message****
07:55:21.158 [main] INFO  testCases.TC002_LoginTest - ****Completed TC002 Login Test Case****
07:56:38.503 [main] INFO  org.testng.internal.Utils - [TestNG] Running:
  D:\Yasar\YASAR\Projects\eclipse-workspace\OpencartV121\master.xml

07:56:47.878 [main] INFO  testCases.TC002_LoginTest - ****Starting TC0002 login Test Case****
07:56:47.925 [main] INFO  testCases.TC002_LoginTest - ****Clicking Login Btn****
07:56:48.687 [main] INFO  testCases.TC002_LoginTest - ****Entering Valid Login Details****
07:56:50.380 [main] INFO  testCases.TC002_LoginTest - ****Validating My Account message****
07:56:50.522 [main] INFO  testCases.TC002_LoginTest - ****Completed TC002 Login Test Case****
08:06:16.977 [main] INFO  org.testng.internal.Utils - [TestNG] Running:
  D:\Yasar\YASAR\Projects\eclipse-workspace\OpencartV121\master.xml

08:06:45.745 [main] INFO  testCases.TC002_LoginTest - ****Starting TC0002 login Test Case****
08:06:45.775 [main] INFO  testCases.TC002_LoginTest - ****Clicking Login Btn****
08:06:46.285 [main] INFO  testCases.TC002_LoginTest - ****Entering Valid Login Details****
08:06:46.697 [main] INFO  testCases.TC002_LoginTest - ****Validating My Account message****
08:06:47.949 [main] INFO  testCases.TC002_LoginTest - ****Completed TC002 Login Test Case****
08:09:31.855 [main] INFO  org.testng.internal.Utils - [TestNG] Running:
  D:\Yasar\YASAR\Projects\eclipse-workspace\OpencartV121\master.xml

08:09:31.930 [main] INFO  testCases.TC002_LoginTest - ****Testing in +br+****
08:09:42.965 [main] INFO  testCases.TC002_LoginTest - ****Starting TC0002 login Test Case****
08:09:43.006 [main] INFO  testCases.TC002_LoginTest - ****Clicking Login Btn****
08:09:43.726 [main] INFO  testCases.TC002_LoginTest - ****Entering Valid Login Details****
08:09:45.589 [main] INFO  testCases.TC002_LoginTest - ****Validating My Account message****
08:09:45.737 [main] INFO  testCases.TC002_LoginTest - ****Completed TC002 Login Test Case****
16:37:45.574 [main] INFO  org.testng.internal.Utils - [TestNG] Running:
  D:\Yasar\YASAR\Projects\eclipse-workspace\OpencartV121\master.xml

16:38:24.996 [main] INFO  org.testng.internal.Utils - [TestNG] Running:
  D:\Yasar\YASAR\Projects\eclipse-workspace\OpencartV121\master.xml

16:40:31.165 [main] INFO  org.testng.internal.Utils - [TestNG] Running:
  D:\Yasar\YASAR\Projects\eclipse-workspace\OpencartV121\master.xml

16:42:41.307 [main] INFO  org.testng.internal.Utils - [TestNG] Running:
  D:\Yasar\YASAR\Projects\eclipse-workspace\OpencartV121\master.xml

16:49:12.491 [main] INFO  org.testng.internal.Utils - [TestNG] Running:
  D:\Yasar\YASAR\Projects\eclipse-workspace\OpencartV121\master.xml

16:49:45.895 [main] INFO  org.testng.internal.Utils - [TestNG] Running:
  D:\Yasar\YASAR\Projects\eclipse-workspace\OpencartV121\master.xml

16:54:52.102 [main] INFO  org.testng.internal.Utils - [TestNG] Running:
  D:\Yasar\YASAR\Projects\eclipse-workspace\OpencartV121\master.xml

16:54:57.132 [main] INFO  testCases.TC000_LoginDDTJson - ****Starting TC0003-Login Test DDT****
16:55:00.439 [main] INFO  testCases.TC000_LoginDDTJson - ****Finished TC0003-Login Test DDT****
16:55:00.445 [main] INFO  testCases.TC000_LoginDDTJson - ****Starting TC0003-Login Test DDT****
16:55:00.539 [main] INFO  testCases.TC000_LoginDDTJson - ****Exception error found****
16:55:00.554 [main] INFO  testCases.TC000_LoginDDTJson - ****Starting TC0003-Login Test DDT****
16:55:00.652 [main] INFO  testCases.TC000_LoginDDTJson - ****Exception error found****
16:55:00.658 [main] INFO  testCases.TC000_LoginDDTJson - ****Starting TC0003-Login Test DDT****
16:55:00.752 [main] INFO  testCases.TC000_LoginDDTJson - ****Exception error found****
16:56:01.768 [main] INFO  org.testng.internal.Utils - [TestNG] Running:
  D:\Yasar\YASAR\Projects\eclipse-workspace\OpencartV121\master.xml

17:03:10.892 [main] INFO  org.testng.internal.Utils - [TestNG] Running:
  D:\Yasar\YASAR\Projects\eclipse-workspace\OpencartV121\master.xml

17:03:17.566 [main] INFO  testCases.TC003_LoginDDT - ****Starting TC0003-Login Test DDT****
17:03:21.130 [main] INFO  testCases.TC003_LoginDDT - ****Finished TC0003-Login Test DDT****
17:03:21.142 [main] INFO  testCases.TC003_LoginDDT - ****Starting TC0003-Login Test DDT****
17:03:21.279 [main] INFO  testCases.TC003_LoginDDT - ****Exception error found****
