17:03:21.290 [main] INFO  testCases.TC003_LoginDDT - ****Starting TC0003-Login Test DDT****
17:03:21.395 [main] INFO  testCases.TC003_LoginDDT - ****Exception error found****
17:03:21.395 [main] INFO  testCases.TC003_LoginDDT - ****Starting TC0003-Login Test DDT****
17:03:21.491 [main] INFO  testCases.TC003_LoginDDT - ****Exception error found****
17:52:17.909 [main] INFO  org.testng.internal.Utils - [TestNG] Running:
  D:\Yasar\YASAR\Projects\eclipse-workspace\OpencartV121\grouping.xml

17:52:24.744 [main] INFO  testCases.TC002_LoginTest - ****Starting TC0002 login Test Case****
17:52:24.772 [main] INFO  testCases.TC002_LoginTest - ****Clicking Login Btn****
17:52:25.555 [main] INFO  testCases.TC002_LoginTest - ****Entering Valid Login Details****
17:52:25.897 [main] INFO  testCases.TC002_LoginTest - ****Validating My Account message****
17:52:27.858 [main] INFO  testCases.TC002_LoginTest - ****Completed TC002 Login Test Case****
17:53:57.028 [main] INFO  org.testng.internal.Utils - [TestNG] Running:
  D:\Yasar\YASAR\Projects\eclipse-workspace\OpencartV121\grouping.xml

17:54:02.642 [main] INFO  testCases.TC002_LoginTest - ****Starting TC0002 login Test Case****
17:54:02.671 [main] INFO  testCases.TC002_LoginTest - ****Clicking Login Btn****
17:54:03.403 [main] INFO  testCases.TC002_LoginTest - ****Entering Valid Login Details****
17:54:03.698 [main] INFO  testCases.TC002_LoginTest - ****Validating My Account message****
17:54:05.457 [main] INFO  testCases.TC002_LoginTest - ****Completed TC002 Login Test Case****
17:55:14.120 [main] INFO  org.testng.internal.Utils - [TestNG] Running:
  D:\Yasar\YASAR\Projects\eclipse-workspace\OpencartV121\grouping.xml

17:55:18.424 [main] INFO  testCases.TC001_AccountRegistrationTest - ****Starting TC0001 AccountRegistrartion Test Case****
17:55:18.575 [main] INFO  testCases.TC001_AccountRegistrationTest - ****Clicked on My Account Btn****
17:55:19.744 [main] INFO  testCases.TC001_AccountRegistrationTest - ****Clicked on Register Btn****
17:55:22.669 [main] INFO  testCases.TC001_AccountRegistrationTest - ****Validating Expected Message****
17:55:22.746 [main] INFO  testCases.TC001_AccountRegistrationTest - ****Completed TC0001 AccountRegistrartion Test Case****
17:55:26.791 [main] INFO  testCases.TC002_LoginTest - ****Starting TC0002 login Test Case****
17:55:26.795 [main] INFO  testCases.TC002_LoginTest - ****Clicking Login Btn****
17:55:27.634 [main] INFO  testCases.TC002_LoginTest - ****Entering Valid Login Details****
17:55:30.398 [main] INFO  testCases.TC002_LoginTest - ****Validating My Account message****
17:55:30.576 [main] INFO  testCases.TC002_LoginTest - ****Completed TC002 Login Test Case****
18:00:23.792 [main] INFO  org.testng.internal.Utils - [TestNG] Running:
  D:\Yasar\YASAR\Projects\eclipse-workspace\OpencartV121\master.xml

18:00:29.967 [main] INFO  testCases.TC003_LoginDDT - ****Starting TC0003-Login Test DDT****
18:00:32.872 [main] INFO  testCases.TC003_LoginDDT - ****Finished TC0003-Login Test DDT****
18:00:32.872 [main] INFO  testCases.TC003_LoginDDT - ****Starting TC0003-Login Test DDT****
18:00:32.983 [main] INFO  testCases.TC003_LoginDDT - ****Exception error found****
18:00:32.991 [main] INFO  testCases.TC003_LoginDDT - ****Starting TC0003-Login Test DDT****
18:00:33.081 [main] INFO  testCases.TC003_LoginDDT - ****Exception error found****
18:00:33.084 [main] INFO  testCases.TC003_LoginDDT - ****Starting TC0003-Login Test DDT****
18:00:33.161 [main] INFO  testCases.TC003_LoginDDT - ****Exception error found****
14:43:35.694 [main] INFO  org.testng.internal.Utils - [TestNG] Running:
  D:\Yasar\YASAR\Projects\eclipse-workspace\OpencartV121\grouping.xml

14:43:42.247 [main] INFO  testCases.TC001_AccountRegistrationTest - ****Starting TC0001 AccountRegistrartion Test Case****
14:43:42.442 [main] INFO  testCases.TC001_AccountRegistrationTest - ****Clicked on My Account Btn****
14:43:43.125 [main] INFO  testCases.TC001_AccountRegistrationTest - ****Clicked on Register Btn****
14:43:45.424 [main] INFO  testCases.TC001_AccountRegistrationTest - ****Validating Expected Message****
14:43:45.530 [main] INFO  testCases.TC001_AccountRegistrationTest - ****Completed TC0001 AccountRegistrartion Test Case****
14:43:49.743 [main] INFO  testCases.TC002_LoginTest - ****Starting TC0002 login Test Case****
14:43:49.743 [main] INFO  testCases.TC002_LoginTest - ****Clicking Login Btn****
14:43:50.451 [main] INFO  testCases.TC002_LoginTest - ****Entering Valid Login Details****
14:43:52.757 [main] INFO  testCases.TC002_LoginTest - ****Validating My Account message****
14:43:52.857 [main] INFO  testCases.TC002_LoginTest - ****Completed TC002 Login Test Case****
14:46:55.323 [main] INFO  org.testng.internal.Utils - [TestNG] Running:
  D:\Yasar\YASAR\Projects\eclipse-workspace\OpencartV121\grouping.xml

14:47:00.257 [main] INFO  testCases.TC001_AccountRegistrationTest - ****Starting TC0001 AccountRegistrartion Test Case****
